<?xml version="1.0" encoding="UTF-8"?>
<testng-results ignored="0" total="1" passed="1" failed="0" skipped="0">
  <reporter-output>
  </reporter-output>
  <suite started-at="2022-04-09T14:33:25Z" name="Automation Test Suite for SignIn" finished-at="2022-04-09T14:34:23Z" duration-ms="58572">
    <groups>
    </groups>
    <test started-at="2022-04-09T14:33:25Z" name="Automation SignIn" finished-at="2022-04-09T14:34:23Z" duration-ms="58572">
      <class name="com.task.automation.test.SignIn">
        <test-method is-config="true" signature="config(java.lang.String, java.lang.String)[pri:0, instance:com.task.automation.test.SignIn@1d296da]" started-at="2022-04-09T14:33:25Z" name="config" finished-at="2022-04-09T14:33:25Z" duration-ms="258" status="PASS">
          <params>
            <param index="0">
              <value>
                <![CDATA[Optional name Automation ]]>
              </value>
            </param>
            <param index="1">
              <value>
                <![CDATA[Automation Report]]>
              </value>
            </param>
          </params>
          <reporter-output>
          </reporter-output>
        </test-method> <!-- config -->
        <test-method is-config="true" signature="beforeTest()[pri:0, instance:com.task.automation.test.SignIn@1d296da]" started-at="2022-04-09T14:33:25Z" name="beforeTest" finished-at="2022-04-09T14:33:28Z" duration-ms="3230" status="PASS">
          <reporter-output>
          </reporter-output>
        </test-method> <!-- beforeTest -->
        <test-method is-config="true" signature="beforeMethod()[pri:0, instance:com.task.automation.test.SignIn@1d296da]" started-at="2022-04-09T14:33:28Z" name="beforeMethod" finished-at="2022-04-09T14:33:28Z" duration-ms="112" status="PASS">
          <reporter-output>
          </reporter-output>
        </test-method> <!-- beforeMethod -->
        <test-method signature="verifyCreateNewUserWithValid()[pri:0, instance:com.task.automation.test.SignIn@1d296da]" started-at="2022-04-09T14:33:28Z" name="verifyCreateNewUserWithValid" description="Verify functionality to Create a new user" finished-at="2022-04-09T14:34:13Z" duration-ms="44505" status="PASS">
          <reporter-output>
          </reporter-output>
        </test-method> <!-- verifyCreateNewUserWithValid -->
        <test-method is-config="true" signature="afterMethod(org.testng.ITestResult)[pri:0, instance:com.task.automation.test.SignIn@1d296da]" started-at="2022-04-09T14:34:13Z" name="afterMethod" finished-at="2022-04-09T14:34:23Z" duration-ms="10592" status="PASS">
          <params>
            <param index="0">
              <value>
                <![CDATA[[TestResult name=verifyCreateNewUserWithValid status=SUCCESS method=SignIn.verifyCreateNewUserWithValid()[pri:0, instance:com.task.automation.test.SignIn@1d296da] output={null}]]]>
              </value>
            </param>
          </params>
          <reporter-output>
          </reporter-output>
        </test-method> <!-- afterMethod -->
        <test-method is-config="true" signature="afterTest()[pri:0, instance:com.task.automation.test.SignIn@1d296da]" started-at="2022-04-09T14:34:23Z" name="afterTest" finished-at="2022-04-09T14:34:23Z" duration-ms="119" status="PASS">
          <reporter-output>
          </reporter-output>
        </test-method> <!-- afterTest -->
        <test-method is-config="true" signature="endReport()[pri:0, instance:com.task.automation.test.SignIn@1d296da]" started-at="2022-04-09T14:34:24Z" name="endReport" finished-at="2022-04-09T14:34:24Z" duration-ms="275" status="PASS">
          <reporter-output>
          </reporter-output>
        </test-method> <!-- endReport -->
      </class> <!-- com.task.automation.test.SignIn -->
    </test> <!-- Automation SignIn -->
  </suite> <!-- Automation Test Suite for SignIn -->
</testng-results>
